2019-07-11 02:15:15 +0000  Initial pipeline context: <IDEDistributionProcessingPipelineContext: 0x7f9f7d8e73d0; archive(resolved)='<IDEArchive: 0x7f9f722df8d0>', distributionTask(resolved)='2', distributionDestination(resolved)='1', distributionMethod(resolved)='<IDEDistributionMethodAdHoc: 0x7f9f8fa52c40>', team(resolved)='<IDEProvisioningDisambiguatableBasicTeam: 0x7f9f8ff4b140; teamID='6KP6A69YKA', teamName='Gogulashanth Sathiyaseelan (Individual)', teamType='Individual', username='instafreshhelp@gmail.com', isFreeProvisioningTeam='0'>'>
	Chain (12, self inclusive):
	<IDEDistributionProcessingPipelineContext: 0x7f9f7d8e73d0; archive = '<IDEArchive: 0x7f9f722df8d0>', distributionMethod='<IDEDistributionMethodAdHoc: 0x7f9f8fa52c40>', team='<IDEProvisioningDisambiguatableBasicTeam: 0x7f9f8ff4b140; teamID='6KP6A69YKA', teamName='Gogulashanth Sathiyaseelan (Individual)', teamType='Individual', username='instafreshhelp@gmail.com', isFreeProvisioningTeam='0'>'>
	<IDEDistributionProcessingPipelineContext: 0x7f9f7c281e00; archive = '<IDEArchive: 0x7f9f722df8d0>', distributionMethod='<IDEDistributionMethodAdHoc: 0x7f9f8fa52c40>', team='<IDEProvisioningDisambiguatableBasicTeam: 0x7f9f8ff4b140; teamID='6KP6A69YKA', teamName='Gogulashanth Sathiyaseelan (Individual)', teamType='Individual', username='instafreshhelp@gmail.com', isFreeProvisioningTeam='0'>'>
	<IDEDistributionContext: 0x7f9f832ddef0; archive = '<IDEArchive: 0x7f9f722df8d0>', distributionMethod='<IDEDistributionMethodAdHoc: 0x7f9f8fa52c40>', team='<IDEProvisioningDisambiguatableBasicTeam: 0x7f9f8ff4b140; teamID='6KP6A69YKA', teamName='Gogulashanth Sathiyaseelan (Individual)', teamType='Individual', username='instafreshhelp@gmail.com', isFreeProvisioningTeam='0'>'>
	<IDEDistributionContext: 0x7f9f73f53610; archive = '<IDEArchive: 0x7f9f722df8d0>', distributionMethod='<IDEDistributionMethodAdHoc: 0x7f9f8fa52c40>', team='<IDEProvisioningDisambiguatableBasicTeam: 0x7f9f8ff4b140; teamID='6KP6A69YKA', teamName='Gogulashanth Sathiyaseelan (Individual)', teamType='Individual', username='instafreshhelp@gmail.com', isFreeProvisioningTeam='0'>'>
	<IDEDistributionContext: 0x7f9f73f28950; archive = '<IDEArchive: 0x7f9f722df8d0>', distributionMethod='<IDEDistributionMethodAdHoc: 0x7f9f8fa52c40>', team='<IDEProvisioningDisambiguatableBasicTeam: 0x7f9f8ff4b140; teamID='6KP6A69YKA', teamName='Gogulashanth Sathiyaseelan (Individual)', teamType='Individual', username='instafreshhelp@gmail.com', isFreeProvisioningTeam='0'>'>
	<IDEDistributionContext: 0x7f9f7604d550; archive = '<IDEArchive: 0x7f9f722df8d0>', distributionMethod='<IDEDistributionMethodAdHoc: 0x7f9f8fa52c40>', team='<IDEProvisioningDisambiguatableBasicTeam: 0x7f9f8ff4b140; teamID='6KP6A69YKA', teamName='Gogulashanth Sathiyaseelan (Individual)', teamType='Individual', username='instafreshhelp@gmail.com', isFreeProvisioningTeam='0'>'>
	<IDEDistributionContext: 0x7f9f73404850; archive = '<IDEArchive: 0x7f9f722df8d0>', distributionMethod='<IDEDistributionMethodAdHoc: 0x7f9f8fa52c40>', team='<IDEProvisioningDisambiguatableBasicTeam: 0x7f9f8ff4b140; teamID='6KP6A69YKA', teamName='Gogulashanth Sathiyaseelan (Individual)', teamType='Individual', username='instafreshhelp@gmail.com', isFreeProvisioningTeam='0'>'>
	<IDEDistributionContext: 0x7f9f83596a60; archive = '<IDEArchive: 0x7f9f722df8d0>', distributionMethod='<IDEDistributionMethodAdHoc: 0x7f9f8fa52c40>', team='<IDEProvisioningDisambiguatableBasicTeam: 0x7f9f8ff4b140; teamID='6KP6A69YKA', teamName='Gogulashanth Sathiyaseelan (Individual)', teamType='Individual', username='instafreshhelp@gmail.com', isFreeProvisioningTeam='0'>'>
	<IDEDistributionContext: 0x7f9f73429340; archive = '<IDEArchive: 0x7f9f722df8d0>', distributionMethod='<IDEDistributionMethodAdHoc: 0x7f9f8fa52c40>', team='<IDEProvisioningDisambiguatableBasicTeam: 0x7f9f8ff4b140; teamID='6KP6A69YKA', teamName='Gogulashanth Sathiyaseelan (Individual)', teamType='Individual', username='instafreshhelp@gmail.com', isFreeProvisioningTeam='0'>'>
	<IDEDistributionContext: 0x7f9f73200bd0; archive = '<IDEArchive: 0x7f9f722df8d0>', distributionMethod='<IDEDistributionMethodAdHoc: 0x7f9f8fa52c40>', team='(null)'>
	<IDEDistributionContext: 0x7f9f72664e60; archive = '<IDEArchive: 0x7f9f722df8d0>', distributionMethod='<IDEDistributionMethodAdHoc: 0x7f9f8fa52c40>', team='(null)'>
	<IDEDistributionContext: 0x7f9f72723170; archive = '<IDEArchive: 0x7f9f722df8d0>', distributionMethod='(null)', team='(null)'>
</IDEDistributionProcessingPipelineContext: 0x7f9f7d8e73d0>
2019-07-11 02:15:15 +0000  Processing step: IDEDistributionCreateDestRootStep
2019-07-11 02:15:15 +0000  Processing step: IDEDistributionCopyItemStep
2019-07-11 02:15:15 +0000  Running /usr/bin/ditto '-V' '/Users/Shanth/Library/Developer/Xcode/Archives/2019-07-10/sappad 7-10-19, 10.14 PM.xcarchive/Products/Applications/sappad.app' '/var/folders/0w/602k0ffn4vb30qzkp_3mtz9c0000gn/T/XcodeDistPipeline.~~~RfcJjZ/Root/Payload/sappad.app'
2019-07-11 02:15:15 +0000  >>> Copying /Users/Shanth/Library/Developer/Xcode/Archives/2019-07-10/sappad 7-10-19, 10.14 PM.xcarchive/Products/Applications/sappad.app 
2019-07-11 02:15:15 +0000  copying file ./_CodeSignature/CodeResources ... 
2019-07-11 02:15:15 +0000  12583 bytes for ./_CodeSignature/CodeResources
2019-07-11 02:15:15 +0000  copying file ./Fontisto.ttf ... 
2019-07-11 02:15:15 +0000  313528 bytes for ./Fontisto.ttf
2019-07-11 02:15:15 +0000  copying file ./Octicons.ttf ... 
2019-07-11 02:15:15 +0000  28364 bytes for ./Octicons.ttf
2019-07-11 02:15:15 +0000  copying file ./Feather.ttf ... 
2019-07-11 02:15:15 +0000  58272 bytes for ./Feather.ttf
copying file ./Entypo.ttf ... 
2019-07-11 02:15:15 +0000  65584 bytes for ./Entypo.ttf
2019-07-11 02:15:15 +0000  copying file ./FontAwesome5_Brands.ttf ... 
2019-07-11 02:15:15 +0000  125016 bytes for ./FontAwesome5_Brands.ttf
copying file ./MaterialCommunityIcons.ttf ... 
2019-07-11 02:15:15 +0000  546548 bytes for ./MaterialCommunityIcons.ttf
2019-07-11 02:15:15 +0000  copying file ./AppIcon60x60@2x.png ... 
2019-07-11 02:15:15 +0000  3113 bytes for ./AppIcon60x60@2x.png
2019-07-11 02:15:15 +0000  copying file ./AntDesign.ttf ... 
2019-07-11 02:15:15 +0000  70344 bytes for ./AntDesign.ttf
2019-07-11 02:15:15 +0000  copying file ./Foundation.ttf ... 
2019-07-11 02:15:15 +0000  56976 bytes for ./Foundation.ttf
2019-07-11 02:15:15 +0000  copying file ./Ionicons.ttf ... 
2019-07-11 02:15:15 +0000  112472 bytes for ./Ionicons.ttf
copying file ./FontAwesome5_Solid.ttf ... 
2019-07-11 02:15:15 +0000  186228 bytes for ./FontAwesome5_Solid.ttf
copying file ./FontAwesome5_Regular.ttf ... 
2019-07-11 02:15:15 +0000  34092 bytes for ./FontAwesome5_Regular.ttf
2019-07-11 02:15:15 +0000  copying file ./GoogleService-Info.plist ... 
2019-07-11 02:15:15 +0000  739 bytes for ./GoogleService-Info.plist
2019-07-11 02:15:15 +0000  copying file ./Base.lproj/LaunchScreen.nib ... 
2019-07-11 02:15:15 +0000  1672 bytes for ./Base.lproj/LaunchScreen.nib
2019-07-11 02:15:15 +0000  copying file ./FontAwesome.ttf ... 
2019-07-11 02:15:15 +0000  165548 bytes for ./FontAwesome.ttf
2019-07-11 02:15:15 +0000  copying file ./Zocial.ttf ... 
2019-07-11 02:15:15 +0000  25552 bytes for ./Zocial.ttf
2019-07-11 02:15:15 +0000  copying file ./Assets.car ... 
2019-07-11 02:15:15 +0000  2893224 bytes for ./Assets.car
copying file ./EvilIcons.ttf ... 
2019-07-11 02:15:15 +0000  13456 bytes for ./EvilIcons.ttf
copying file ./main.jsbundle ... 
2019-07-11 02:15:15 +0000  2140916 bytes for ./main.jsbundle
copying file ./labelmap.txt ... 
486 bytes for ./labelmap.txt
copying file ./gRPCCertificates.bundle/roots.pem ... 
2019-07-11 02:15:15 +0000  265845 bytes for ./gRPCCertificates.bundle/roots.pem
2019-07-11 02:15:15 +0000  copying file ./gRPCCertificates.bundle/Info.plist ... 
2019-07-11 02:15:15 +0000  730 bytes for ./gRPCCertificates.bundle/Info.plist
2019-07-11 02:15:15 +0000  copying file ./detect.tflite ... 
2019-07-11 02:15:15 +0000  5714648 bytes for ./detect.tflite
copying file ./SimpleLineIcons.ttf ... 
2019-07-11 02:15:15 +0000  54056 bytes for ./SimpleLineIcons.ttf
copying file ./embedded.mobileprovision ... 
7741 bytes for ./embedded.mobileprovision
copying file ./sappad ... 
2019-07-11 02:15:15 +0000  9814960 bytes for ./sappad
2019-07-11 02:15:15 +0000  copying file ./assets/node_modules/react-native-ratings/src/images/bell.png ... 
2019-07-11 02:15:15 +0000  2989 bytes for ./assets/node_modules/react-native-ratings/src/images/bell.png
2019-07-11 02:15:15 +0000  copying file ./assets/node_modules/react-native-ratings/src/images/airbnb-star-selected.png ... 
2019-07-11 02:15:15 +0000  934 bytes for ./assets/node_modules/react-native-ratings/src/images/airbnb-star-selected.png
2019-07-11 02:15:15 +0000  copying file ./assets/node_modules/react-native-ratings/src/images/heart.png ... 
2019-07-11 02:15:15 +0000  1928 bytes for ./assets/node_modules/react-native-ratings/src/images/heart.png
2019-07-11 02:15:15 +0000  copying file ./assets/node_modules/react-native-ratings/src/images/airbnb-star.png ... 
2019-07-11 02:15:15 +0000  930 bytes for ./assets/node_modules/react-native-ratings/src/images/airbnb-star.png
2019-07-11 02:15:15 +0000  copying file ./assets/node_modules/react-native-ratings/src/images/rocket.png ... 
2019-07-11 02:15:15 +0000  4050 bytes for ./assets/node_modules/react-native-ratings/src/images/rocket.png
copying file ./assets/node_modules/react-native-ratings/src/images/star.png ... 
2019-07-11 02:15:15 +0000  1961 bytes for ./assets/node_modules/react-native-ratings/src/images/star.png
2019-07-11 02:15:15 +0000  copying file ./assets/node_modules/react-navigation-stack/lib/module/views/assets/back-icon@3x.png ... 
2019-07-11 02:15:15 +0000  761 bytes for ./assets/node_modules/react-navigation-stack/lib/module/views/assets/back-icon@3x.png
2019-07-11 02:15:15 +0000  copying file ./assets/node_modules/react-navigation-stack/lib/module/views/assets/back-icon@2x.png ... 
2019-07-11 02:15:15 +0000  405 bytes for ./assets/node_modules/react-navigation-stack/lib/module/views/assets/back-icon@2x.png
2019-07-11 02:15:15 +0000  copying file ./assets/node_modules/react-navigation-stack/lib/module/views/assets/back-icon.png ... 
2019-07-11 02:15:15 +0000  290 bytes for ./assets/node_modules/react-navigation-stack/lib/module/views/assets/back-icon.png
2019-07-11 02:15:15 +0000  copying file ./assets/node_modules/react-navigation-stack/lib/module/views/assets/back-icon-mask.png ... 
2019-07-11 02:15:15 +0000  1619 bytes for ./assets/node_modules/react-navigation-stack/lib/module/views/assets/back-icon-mask.png
2019-07-11 02:15:15 +0000  copying file ./assets/src/res/images/edamam_logo.png ... 
2019-07-11 02:15:15 +0000  4187 bytes for ./assets/src/res/images/edamam_logo.png
2019-07-11 02:15:15 +0000  copying file ./assets/src/res/images/book_icon.png ... 
2019-07-11 02:15:15 +0000  2311 bytes for ./assets/src/res/images/book_icon.png
2019-07-11 02:15:15 +0000  copying file ./assets/src/res/images/ionicons_ios-search.png ... 
2019-07-11 02:15:15 +0000  3464 bytes for ./assets/src/res/images/ionicons_ios-search.png
copying file ./assets/src/res/images/ionicons_ios-archive.png ... 
2019-07-11 02:15:15 +0000  1366 bytes for ./assets/src/res/images/ionicons_ios-archive.png
2019-07-11 02:15:15 +0000  copying file ./assets/src/res/images/instafresh_logo_text_horiz.png ... 
2019-07-11 02:15:15 +0000  108663 bytes for ./assets/src/res/images/instafresh_logo_text_horiz.png
2019-07-11 02:15:15 +0000  copying file ./assets/src/res/images/instafresh_logo_text_bottom.png ... 
2019-07-11 02:15:15 +0000  168666 bytes for ./assets/src/res/images/instafresh_logo_text_bottom.png
2019-07-11 02:15:15 +0000  copying file ./Info.plist ... 
2019-07-11 02:15:15 +0000  2216 bytes for ./Info.plist
2019-07-11 02:15:15 +0000  copying file ./PkgInfo ... 
2019-07-11 02:15:15 +0000  8 bytes for ./PkgInfo
2019-07-11 02:15:15 +0000  copying file ./MaterialIcons.ttf ... 
2019-07-11 02:15:15 +0000  128180 bytes for ./MaterialIcons.ttf
2019-07-11 02:15:15 +0000  /usr/bin/ditto exited with 0
2019-07-11 02:15:15 +0000  Processing step: IDEDistributionEmbedProfileStep
2019-07-11 02:15:15 +0000  Processing step: IDEDistributionAppThinningPlistStep
2019-07-11 02:15:15 +0000  Skipping step: IDEDistributionAppThinningPlistStep because it said so
2019-07-11 02:15:15 +0000  Processing step: IDEDistributionCompileBitcodeStep
2019-07-11 02:15:15 +0000  Skipping step: IDEDistributionCompileBitcodeStep because it said so
2019-07-11 02:15:15 +0000  Processing step: IDEDistributionCodeSlimmingStep
2019-07-11 02:15:15 +0000  Processing step: IDEDistributionCopyBCSymbolMapsStep
2019-07-11 02:15:15 +0000  Skipping step: IDEDistributionCopyBCSymbolMapsStep because it said so
2019-07-11 02:15:15 +0000  Processing step: IDEDistributionSymbolsStep
2019-07-11 02:15:15 +0000  Skipping step: IDEDistributionSymbolsStep because it said so
2019-07-11 02:15:15 +0000  Processing step: IDEDistributionAppThinningStep
2019-07-11 02:15:15 +0000  Skipping step: IDEDistributionAppThinningStep because it said so
2019-07-11 02:15:15 +0000  Processing step: IDEDistributionArchThinningStep
2019-07-11 02:15:15 +0000  Running /Applications/Xcode.app/Contents/Developer/Toolchains/XcodeDefault.xctoolchain/usr/bin/lipo '/var/folders/0w/602k0ffn4vb30qzkp_3mtz9c0000gn/T/XcodeDistPipeline.~~~RfcJjZ/Root/Payload/sappad.app/sappad' '-verify_arch' 'arm64e'
2019-07-11 02:15:15 +0000  /Applications/Xcode.app/Contents/Developer/Toolchains/XcodeDefault.xctoolchain/usr/bin/lipo exited with 1
2019-07-11 02:15:15 +0000  Skipping architecture thinning for item "sappad" because arch "arm64e" wasn't found
2019-07-11 02:15:15 +0000  Processing step: IDEDistributionODRStep
2019-07-11 02:15:15 +0000  Processing step: IDEDistributionStripXattrsStep
2019-07-11 02:15:15 +0000  Running /usr/bin/xattr '-crs' '/var/folders/0w/602k0ffn4vb30qzkp_3mtz9c0000gn/T/XcodeDistPipeline.~~~RfcJjZ/Root/Payload/sappad.app'
2019-07-11 02:15:15 +0000  Traceback (most recent call last):
  File "/usr/bin/xattr-2.7", line 7, in <module>
2019-07-11 02:15:15 +0000      from pkg_resources import load_entry_point
ImportError: No module named pkg_resources
2019-07-11 02:15:15 +0000  /usr/bin/xattr exited with 1
2019-07-11 02:15:15 +0000  Skipping stripping xattrs from "/var/folders/0w/602k0ffn4vb30qzkp_3mtz9c0000gn/T/XcodeDistPipeline.~~~RfcJjZ/Root/Payload/sappad.app" because the /usr/bin/xattr tool may be damaged.
2019-07-11 02:15:15 +0000  Processing step: IDEDistributionCodesignStep
2019-07-11 02:15:15 +0000  Entitlements for <IDEDistributionItem: 0x7f9f7ca7c1b0 'com.instahelp.instafresh' '<DVTFilePath:0x7f9f72069130:'/Users/Shanth/Library/Developer/Xcode/Archives/2019-07-10/sappad 7-10-19, 10.14 PM.xcarchive/Products/Applications/sappad.app'>'>: {
    "application-identifier" = "6KP6A69YKA.com.instahelp.instafresh";
    "aps-environment" = production;
    "com.apple.developer.team-identifier" = 6KP6A69YKA;
    "get-task-allow" = 0;
}
2019-07-11 02:15:15 +0000  Writing entitlements for <IDEDistributionItem: 0x7f9f7ca7c1b0 'com.instahelp.instafresh' '<DVTFilePath:0x7f9f72069130:'/Users/Shanth/Library/Developer/Xcode/Archives/2019-07-10/sappad 7-10-19, 10.14 PM.xcarchive/Products/Applications/sappad.app'>'> to: /var/folders/0w/602k0ffn4vb30qzkp_3mtz9c0000gn/T/XcodeDistPipeline.~~~RfcJjZ/entitlements~~~iEgcgr
2019-07-11 02:15:15 +0000  Running /usr/bin/codesign '-vvv' '--force' '--sign' 'E208D996505D4206CFBD7981F13DC87C4B72555C' '--entitlements' '/var/folders/0w/602k0ffn4vb30qzkp_3mtz9c0000gn/T/XcodeDistPipeline.~~~RfcJjZ/entitlements~~~iEgcgr' '--preserve-metadata=identifier,flags,runtime' '/var/folders/0w/602k0ffn4vb30qzkp_3mtz9c0000gn/T/XcodeDistPipeline.~~~RfcJjZ/Root/Payload/sappad.app'
2019-07-11 02:15:15 +0000  /var/folders/0w/602k0ffn4vb30qzkp_3mtz9c0000gn/T/XcodeDistPipeline.~~~RfcJjZ/Root/Payload/sappad.app: replacing existing signature
2019-07-11 02:15:15 +0000  /var/folders/0w/602k0ffn4vb30qzkp_3mtz9c0000gn/T/XcodeDistPipeline.~~~RfcJjZ/Root/Payload/sappad.app: signed app bundle with Mach-O thin (arm64) [com.instahelp.instafresh]
2019-07-11 02:15:15 +0000  /usr/bin/codesign exited with 0
2019-07-11 02:15:15 +0000  Processing step: IDEDistributionZipODRItemStep
2019-07-11 02:15:15 +0000  Skipping step: IDEDistributionZipODRItemStep because it said so
2019-07-11 02:15:15 +0000  Processing step: IDEDistributionCreateIPAStep
2019-07-11 02:15:15 +0000  Running /usr/bin/ditto '-V' '-c' '-k' '--norsrc' '/var/folders/0w/602k0ffn4vb30qzkp_3mtz9c0000gn/T/XcodeDistPipeline.~~~RfcJjZ/Root' '/var/folders/0w/602k0ffn4vb30qzkp_3mtz9c0000gn/T/XcodeDistPipeline.~~~RfcJjZ/Packages/sappad.ipa'
2019-07-11 02:15:15 +0000  >>> Copying /var/folders/0w/602k0ffn4vb30qzkp_3mtz9c0000gn/T/XcodeDistPipeline.~~~RfcJjZ/Root 
2019-07-11 02:15:15 +0000  copying file ./Payload/sappad.app/_CodeSignature/CodeResources ... 
2019-07-11 02:15:15 +0000  12583 bytes for ./Payload/sappad.app/_CodeSignature/CodeResources
2019-07-11 02:15:15 +0000  copying file ./Payload/sappad.app/Fontisto.ttf ... 
2019-07-11 02:15:16 +0000  313528 bytes for ./Payload/sappad.app/Fontisto.ttf
copying file ./Payload/sappad.app/Octicons.ttf ... 
2019-07-11 02:15:16 +0000  28364 bytes for ./Payload/sappad.app/Octicons.ttf
2019-07-11 02:15:16 +0000  copying file ./Payload/sappad.app/Feather.ttf ... 
2019-07-11 02:15:16 +0000  58272 bytes for ./Payload/sappad.app/Feather.ttf
copying file ./Payload/sappad.app/Entypo.ttf ... 
2019-07-11 02:15:16 +0000  65584 bytes for ./Payload/sappad.app/Entypo.ttf
2019-07-11 02:15:16 +0000  copying file ./Payload/sappad.app/FontAwesome5_Brands.ttf ... 
2019-07-11 02:15:16 +0000  125016 bytes for ./Payload/sappad.app/FontAwesome5_Brands.ttf
2019-07-11 02:15:16 +0000  copying file ./Payload/sappad.app/MaterialCommunityIcons.ttf ... 
2019-07-11 02:15:16 +0000  546548 bytes for ./Payload/sappad.app/MaterialCommunityIcons.ttf
2019-07-11 02:15:16 +0000  copying file ./Payload/sappad.app/AppIcon60x60@2x.png ... 
2019-07-11 02:15:16 +0000  3113 bytes for ./Payload/sappad.app/AppIcon60x60@2x.png
2019-07-11 02:15:16 +0000  copying file ./Payload/sappad.app/AntDesign.ttf ... 
2019-07-11 02:15:16 +0000  70344 bytes for ./Payload/sappad.app/AntDesign.ttf
2019-07-11 02:15:16 +0000  copying file ./Payload/sappad.app/Foundation.ttf ... 
2019-07-11 02:15:16 +0000  56976 bytes for ./Payload/sappad.app/Foundation.ttf
2019-07-11 02:15:16 +0000  copying file ./Payload/sappad.app/Ionicons.ttf ... 
2019-07-11 02:15:16 +0000  112472 bytes for ./Payload/sappad.app/Ionicons.ttf
2019-07-11 02:15:16 +0000  copying file ./Payload/sappad.app/FontAwesome5_Solid.ttf ... 
2019-07-11 02:15:16 +0000  186228 bytes for ./Payload/sappad.app/FontAwesome5_Solid.ttf
2019-07-11 02:15:16 +0000  copying file ./Payload/sappad.app/FontAwesome5_Regular.ttf ... 
2019-07-11 02:15:16 +0000  34092 bytes for ./Payload/sappad.app/FontAwesome5_Regular.ttf
2019-07-11 02:15:16 +0000  copying file ./Payload/sappad.app/GoogleService-Info.plist ... 
739 bytes for ./Payload/sappad.app/GoogleService-Info.plist
2019-07-11 02:15:16 +0000  copying file ./Payload/sappad.app/Base.lproj/LaunchScreen.nib ... 
2019-07-11 02:15:16 +0000  1672 bytes for ./Payload/sappad.app/Base.lproj/LaunchScreen.nib
copying file ./Payload/sappad.app/FontAwesome.ttf ... 
2019-07-11 02:15:16 +0000  165548 bytes for ./Payload/sappad.app/FontAwesome.ttf
2019-07-11 02:15:16 +0000  copying file ./Payload/sappad.app/Zocial.ttf ... 
2019-07-11 02:15:16 +0000  25552 bytes for ./Payload/sappad.app/Zocial.ttf
2019-07-11 02:15:16 +0000  copying file ./Payload/sappad.app/Assets.car ... 
2019-07-11 02:15:16 +0000  2893224 bytes for ./Payload/sappad.app/Assets.car
2019-07-11 02:15:16 +0000  copying file ./Payload/sappad.app/EvilIcons.ttf ... 
2019-07-11 02:15:16 +0000  13456 bytes for ./Payload/sappad.app/EvilIcons.ttf
2019-07-11 02:15:16 +0000  copying file ./Payload/sappad.app/main.jsbundle ... 
2019-07-11 02:15:16 +0000  2140916 bytes for ./Payload/sappad.app/main.jsbundle
2019-07-11 02:15:16 +0000  copying file ./Payload/sappad.app/labelmap.txt ... 
486 bytes for ./Payload/sappad.app/labelmap.txt
copying file ./Payload/sappad.app/gRPCCertificates.bundle/roots.pem ... 
2019-07-11 02:15:16 +0000  265845 bytes for ./Payload/sappad.app/gRPCCertificates.bundle/roots.pem
2019-07-11 02:15:16 +0000  copying file ./Payload/sappad.app/gRPCCertificates.bundle/Info.plist ... 
730 bytes for ./Payload/sappad.app/gRPCCertificates.bundle/Info.plist
2019-07-11 02:15:16 +0000  copying file ./Payload/sappad.app/detect.tflite ... 
2019-07-11 02:15:16 +0000  5714648 bytes for ./Payload/sappad.app/detect.tflite
2019-07-11 02:15:16 +0000  copying file ./Payload/sappad.app/SimpleLineIcons.ttf ... 
2019-07-11 02:15:16 +0000  54056 bytes for ./Payload/sappad.app/SimpleLineIcons.ttf
2019-07-11 02:15:16 +0000  copying file ./Payload/sappad.app/embedded.mobileprovision ... 
2019-07-11 02:15:16 +0000  7752 bytes for ./Payload/sappad.app/embedded.mobileprovision
copying file ./Payload/sappad.app/sappad ... 
2019-07-11 02:15:17 +0000  9814960 bytes for ./Payload/sappad.app/sappad
2019-07-11 02:15:17 +0000  copying file ./Payload/sappad.app/assets/node_modules/react-native-ratings/src/images/bell.png ... 
2019-07-11 02:15:17 +0000  2989 bytes for ./Payload/sappad.app/assets/node_modules/react-native-ratings/src/images/bell.png
2019-07-11 02:15:17 +0000  copying file ./Payload/sappad.app/assets/node_modules/react-native-ratings/src/images/airbnb-star-selected.png ... 
934 bytes for ./Payload/sappad.app/assets/node_modules/react-native-ratings/src/images/airbnb-star-selected.png
2019-07-11 02:15:17 +0000  copying file ./Payload/sappad.app/assets/node_modules/react-native-ratings/src/images/heart.png ... 
1928 bytes for ./Payload/sappad.app/assets/node_modules/react-native-ratings/src/images/heart.png
copying file ./Payload/sappad.app/assets/node_modules/react-native-ratings/src/images/airbnb-star.png ... 
2019-07-11 02:15:17 +0000  930 bytes for ./Payload/sappad.app/assets/node_modules/react-native-ratings/src/images/airbnb-star.png
copying file ./Payload/sappad.app/assets/node_modules/react-native-ratings/src/images/rocket.png ... 
2019-07-11 02:15:17 +0000  4050 bytes for ./Payload/sappad.app/assets/node_modules/react-native-ratings/src/images/rocket.png
2019-07-11 02:15:17 +0000  copying file ./Payload/sappad.app/assets/node_modules/react-native-ratings/src/images/star.png ... 
2019-07-11 02:15:17 +0000  1961 bytes for ./Payload/sappad.app/assets/node_modules/react-native-ratings/src/images/star.png
2019-07-11 02:15:17 +0000  copying file ./Payload/sappad.app/assets/node_modules/react-navigation-stack/lib/module/views/assets/back-icon@3x.png ... 
2019-07-11 02:15:17 +0000  761 bytes for ./Payload/sappad.app/assets/node_modules/react-navigation-stack/lib/module/views/assets/back-icon@3x.png
copying file ./Payload/sappad.app/assets/node_modules/react-navigation-stack/lib/module/views/assets/back-icon@2x.png ... 
2019-07-11 02:15:17 +0000  405 bytes for ./Payload/sappad.app/assets/node_modules/react-navigation-stack/lib/module/views/assets/back-icon@2x.png
copying file ./Payload/sappad.app/assets/node_modules/react-navigation-stack/lib/module/views/assets/back-icon.png ... 
2019-07-11 02:15:17 +0000  290 bytes for ./Payload/sappad.app/assets/node_modules/react-navigation-stack/lib/module/views/assets/back-icon.png
copying file ./Payload/sappad.app/assets/node_modules/react-navigation-stack/lib/module/views/assets/back-icon-mask.png ... 
2019-07-11 02:15:17 +0000  1619 bytes for ./Payload/sappad.app/assets/node_modules/react-navigation-stack/lib/module/views/assets/back-icon-mask.png
2019-07-11 02:15:17 +0000  copying file ./Payload/sappad.app/assets/src/res/images/edamam_logo.png ... 
2019-07-11 02:15:17 +0000  4187 bytes for ./Payload/sappad.app/assets/src/res/images/edamam_logo.png
2019-07-11 02:15:17 +0000  copying file ./Payload/sappad.app/assets/src/res/images/book_icon.png ... 
2019-07-11 02:15:17 +0000  2311 bytes for ./Payload/sappad.app/assets/src/res/images/book_icon.png
copying file ./Payload/sappad.app/assets/src/res/images/ionicons_ios-search.png ... 
2019-07-11 02:15:17 +0000  3464 bytes for ./Payload/sappad.app/assets/src/res/images/ionicons_ios-search.png
copying file ./Payload/sappad.app/assets/src/res/images/ionicons_ios-archive.png ... 
2019-07-11 02:15:17 +0000  1366 bytes for ./Payload/sappad.app/assets/src/res/images/ionicons_ios-archive.png
2019-07-11 02:15:17 +0000  copying file ./Payload/sappad.app/assets/src/res/images/instafresh_logo_text_horiz.png ... 
2019-07-11 02:15:17 +0000  108663 bytes for ./Payload/sappad.app/assets/src/res/images/instafresh_logo_text_horiz.png
2019-07-11 02:15:17 +0000  copying file ./Payload/sappad.app/assets/src/res/images/instafresh_logo_text_bottom.png ... 
2019-07-11 02:15:17 +0000  168666 bytes for ./Payload/sappad.app/assets/src/res/images/instafresh_logo_text_bottom.png
2019-07-11 02:15:17 +0000  copying file ./Payload/sappad.app/Info.plist ... 
2019-07-11 02:15:17 +0000  2216 bytes for ./Payload/sappad.app/Info.plist
copying file ./Payload/sappad.app/PkgInfo ... 
2019-07-11 02:15:17 +0000  8 bytes for ./Payload/sappad.app/PkgInfo
copying file ./Payload/sappad.app/MaterialIcons.ttf ... 
2019-07-11 02:15:17 +0000  128180 bytes for ./Payload/sappad.app/MaterialIcons.ttf
2019-07-11 02:15:17 +0000  /usr/bin/ditto exited with 0
2019-07-11 02:15:17 +0000  Processing step: IDEDistributionAppStoreInformationStep
2019-07-11 02:15:17 +0000  Skipping step: IDEDistributionAppStoreInformationStep because it said so
2019-07-11 02:15:17 +0000  Processing step: IDEDistributionCreateManifestStep
